<?xml version="1.0" encoding="UTF-8"?>
<testng-results ignored="0" total="1" passed="1" failed="0" skipped="0">
  <reporter-output>
  </reporter-output>
  <suite started-at="2025-07-12T00:12:36 IST" name="Default suite" finished-at="2025-07-12T00:12:45 IST" duration-ms="8352">
    <groups>
    </groups>
    <test started-at="2025-07-12T00:12:36 IST" name="Default test" finished-at="2025-07-12T00:12:45 IST" duration-ms="8352">
      <class name="tutorialsNinja.register.TC_RF_005">
        <test-method signature="verifyRegisterWithAllFields()[pri:0, instance:tutorialsNinja.register.TC_RF_005@48ae9b55]" started-at="2025-07-12T00:12:36 IST" name="verifyRegisterWithAllFields" finished-at="2025-07-12T00:12:45 IST" duration-ms="8316" status="PASS">
          <reporter-output>
          </reporter-output>
        </test-method> <!-- verifyRegisterWithAllFields -->
      </class> <!-- tutorialsNinja.register.TC_RF_005 -->
    </test> <!-- Default test -->
  </suite> <!-- Default suite -->
</testng-results>
